<?xml version="1.0" encoding="UTF-8"?>
<testsuite xmlns:xsi="http://www.w3.org/2001/XMLSchema-instance" xsi:noNamespaceSchemaLocation="https://maven.apache.org/surefire/maven-surefire-plugin/xsd/surefire-test-report.xsd" name="cn.com.sinosoft.s200.S200ApplicationTests" time="10.872" tests="1" errors="0" skipped="0" failures="0">
  <properties>
    <property name="sun.desktop" value="windows"/>
    <property name="awt.toolkit" value="sun.awt.windows.WToolkit"/>
    <property name="file.encoding.pkg" value="sun.io"/>
    <property name="java.specification.version" value="1.8"/>
    <property name="sun.cpu.isalist" value="amd64"/>
    <property name="sun.jnu.encoding" value="GBK"/>
    <property name="java.class.path" value="H:\local_rep\emall\emall-interface-service\s200\target\test-classes;H:\local_rep\emall\emall-interface-service\s200\target\classes;F:\maven_rep\org\springframework\boot\spring-boot-starter-web\2.3.3.RELEASE\spring-boot-starter-web-2.3.3.RELEASE.jar;F:\maven_rep\org\springframework\boot\spring-boot-starter-json\2.3.3.RELEASE\spring-boot-starter-json-2.3.3.RELEASE.jar;F:\maven_rep\com\fasterxml\jackson\core\jackson-databind\2.11.2\jackson-databind-2.11.2.jar;F:\maven_rep\com\fasterxml\jackson\core\jackson-annotations\2.11.2\jackson-annotations-2.11.2.jar;F:\maven_rep\com\fasterxml\jackson\core\jackson-core\2.11.2\jackson-core-2.11.2.jar;F:\maven_rep\com\fasterxml\jackson\datatype\jackson-datatype-jdk8\2.11.2\jackson-datatype-jdk8-2.11.2.jar;F:\maven_rep\com\fasterxml\jackson\datatype\jackson-datatype-jsr310\2.11.2\jackson-datatype-jsr310-2.11.2.jar;F:\maven_rep\com\fasterxml\jackson\module\jackson-module-parameter-names\2.11.2\jackson-module-parameter-names-2.11.2.jar;F:\maven_rep\org\springframework\spring-web\5.2.8.RELEASE\spring-web-5.2.8.RELEASE.jar;F:\maven_rep\org\springframework\spring-beans\5.2.8.RELEASE\spring-beans-5.2.8.RELEASE.jar;F:\maven_rep\org\springframework\spring-webmvc\5.2.8.RELEASE\spring-webmvc-5.2.8.RELEASE.jar;F:\maven_rep\org\springframework\spring-aop\5.2.8.RELEASE\spring-aop-5.2.8.RELEASE.jar;F:\maven_rep\org\springframework\spring-context\5.2.8.RELEASE\spring-context-5.2.8.RELEASE.jar;F:\maven_rep\org\springframework\spring-expression\5.2.8.RELEASE\spring-expression-5.2.8.RELEASE.jar;F:\maven_rep\org\springframework\boot\spring-boot-starter-tomcat\2.3.3.RELEASE\spring-boot-starter-tomcat-2.3.3.RELEASE.jar;F:\maven_rep\jakarta\annotation\jakarta.annotation-api\1.3.5\jakarta.annotation-api-1.3.5.jar;F:\maven_rep\org\apache\tomcat\embed\tomcat-embed-core\9.0.37\tomcat-embed-core-9.0.37.jar;F:\maven_rep\org\glassfish\jakarta.el\3.0.3\jakarta.el-3.0.3.jar;F:\maven_rep\org\apache\tomcat\embed\tomcat-embed-websocket\9.0.37\tomcat-embed-websocket-9.0.37.jar;F:\maven_rep\org\springframework\boot\spring-boot-starter-test\2.3.3.RELEASE\spring-boot-starter-test-2.3.3.RELEASE.jar;F:\maven_rep\org\springframework\boot\spring-boot-test\2.3.3.RELEASE\spring-boot-test-2.3.3.RELEASE.jar;F:\maven_rep\org\springframework\boot\spring-boot-test-autoconfigure\2.3.3.RELEASE\spring-boot-test-autoconfigure-2.3.3.RELEASE.jar;F:\maven_rep\com\jayway\jsonpath\json-path\2.4.0\json-path-2.4.0.jar;F:\maven_rep\net\minidev\json-smart\2.3\json-smart-2.3.jar;F:\maven_rep\net\minidev\accessors-smart\1.2\accessors-smart-1.2.jar;F:\maven_rep\org\ow2\asm\asm\5.0.4\asm-5.0.4.jar;F:\maven_rep\jakarta\xml\bind\jakarta.xml.bind-api\2.3.3\jakarta.xml.bind-api-2.3.3.jar;F:\maven_rep\jakarta\activation\jakarta.activation-api\1.2.2\jakarta.activation-api-1.2.2.jar;F:\maven_rep\org\assertj\assertj-core\3.16.1\assertj-core-3.16.1.jar;F:\maven_rep\org\hamcrest\hamcrest\2.2\hamcrest-2.2.jar;F:\maven_rep\org\junit\jupiter\junit-jupiter\5.6.2\junit-jupiter-5.6.2.jar;F:\maven_rep\org\junit\jupiter\junit-jupiter-api\5.6.2\junit-jupiter-api-5.6.2.jar;F:\maven_rep\org\apiguardian\apiguardian-api\1.1.0\apiguardian-api-1.1.0.jar;F:\maven_rep\org\opentest4j\opentest4j\1.2.0\opentest4j-1.2.0.jar;F:\maven_rep\org\junit\platform\junit-platform-commons\1.6.2\junit-platform-commons-1.6.2.jar;F:\maven_rep\org\junit\jupiter\junit-jupiter-params\5.6.2\junit-jupiter-params-5.6.2.jar;F:\maven_rep\org\junit\jupiter\junit-jupiter-engine\5.6.2\junit-jupiter-engine-5.6.2.jar;F:\maven_rep\org\junit\platform\junit-platform-engine\1.6.2\junit-platform-engine-1.6.2.jar;F:\maven_rep\org\mockito\mockito-core\3.3.3\mockito-core-3.3.3.jar;F:\maven_rep\net\bytebuddy\byte-buddy\1.10.14\byte-buddy-1.10.14.jar;F:\maven_rep\net\bytebuddy\byte-buddy-agent\1.10.14\byte-buddy-agent-1.10.14.jar;F:\maven_rep\org\objenesis\objenesis\2.6\objenesis-2.6.jar;F:\maven_rep\org\mockito\mockito-junit-jupiter\3.3.3\mockito-junit-jupiter-3.3.3.jar;F:\maven_rep\org\skyscreamer\jsonassert\1.5.0\jsonassert-1.5.0.jar;F:\maven_rep\com\vaadin\external\google\android-json\0.0.20131108.vaadin1\android-json-0.0.20131108.vaadin1.jar;F:\maven_rep\org\springframework\spring-core\5.2.8.RELEASE\spring-core-5.2.8.RELEASE.jar;F:\maven_rep\org\springframework\spring-jcl\5.2.8.RELEASE\spring-jcl-5.2.8.RELEASE.jar;F:\maven_rep\org\springframework\spring-test\5.2.8.RELEASE\spring-test-5.2.8.RELEASE.jar;F:\maven_rep\org\xmlunit\xmlunit-core\2.7.0\xmlunit-core-2.7.0.jar;F:\maven_rep\org\springframework\boot\spring-boot-starter\2.3.3.RELEASE\spring-boot-starter-2.3.3.RELEASE.jar;F:\maven_rep\org\springframework\boot\spring-boot\2.3.3.RELEASE\spring-boot-2.3.3.RELEASE.jar;F:\maven_rep\org\springframework\boot\spring-boot-autoconfigure\2.3.3.RELEASE\spring-boot-autoconfigure-2.3.3.RELEASE.jar;F:\maven_rep\org\springframework\boot\spring-boot-starter-logging\2.3.3.RELEASE\spring-boot-starter-logging-2.3.3.RELEASE.jar;F:\maven_rep\ch\qos\logback\logback-classic\1.2.3\logback-classic-1.2.3.jar;F:\maven_rep\ch\qos\logback\logback-core\1.2.3\logback-core-1.2.3.jar;F:\maven_rep\org\apache\logging\log4j\log4j-to-slf4j\2.13.3\log4j-to-slf4j-2.13.3.jar;F:\maven_rep\org\apache\logging\log4j\log4j-api\2.13.3\log4j-api-2.13.3.jar;F:\maven_rep\org\slf4j\jul-to-slf4j\1.7.30\jul-to-slf4j-1.7.30.jar;F:\maven_rep\org\yaml\snakeyaml\1.26\snakeyaml-1.26.jar;F:\maven_rep\org\apache\curator\curator-recipes\4.0.1\curator-recipes-4.0.1.jar;F:\maven_rep\org\apache\curator\curator-framework\4.0.1\curator-framework-4.0.1.jar;F:\maven_rep\org\apache\curator\curator-client\4.0.1\curator-client-4.0.1.jar;F:\maven_rep\com\google\guava\guava\20.0\guava-20.0.jar;F:\maven_rep\org\apache\zookeeper\zookeeper\3.4.13\zookeeper-3.4.13.jar;F:\maven_rep\log4j\log4j\1.2.17\log4j-1.2.17.jar;F:\maven_rep\jline\jline\0.9.94\jline-0.9.94.jar;F:\maven_rep\org\apache\yetus\audience-annotations\0.5.0\audience-annotations-0.5.0.jar;F:\maven_rep\org\apache\dubbo\dubbo-spring-boot-starter\2.7.4.1\dubbo-spring-boot-starter-2.7.4.1.jar;F:\maven_rep\org\apache\dubbo\dubbo-spring-boot-autoconfigure\2.7.4.1\dubbo-spring-boot-autoconfigure-2.7.4.1.jar;F:\maven_rep\org\apache\dubbo\dubbo-spring-boot-autoconfigure-compatible\2.7.4.1\dubbo-spring-boot-autoconfigure-compatible-2.7.4.1.jar;F:\maven_rep\org\apache\dubbo\dubbo\2.7.4.1\dubbo-2.7.4.1.jar;F:\maven_rep\org\javassist\javassist\3.20.0-GA\javassist-3.20.0-GA.jar;F:\maven_rep\io\netty\netty-all\4.1.51.Final\netty-all-4.1.51.Final.jar;F:\maven_rep\com\google\code\gson\gson\2.8.6\gson-2.8.6.jar;F:\maven_rep\mysql\mysql-connector-java\5.1.6\mysql-connector-java-5.1.6.jar;F:\maven_rep\com\baomidou\mybatis-plus-boot-starter\3.0.6\mybatis-plus-boot-starter-3.0.6.jar;F:\maven_rep\com\baomidou\mybatis-plus\3.0.6\mybatis-plus-3.0.6.jar;F:\maven_rep\com\baomidou\mybatis-plus-extension\3.0.6\mybatis-plus-extension-3.0.6.jar;F:\maven_rep\com\baomidou\mybatis-plus-core\3.0.6\mybatis-plus-core-3.0.6.jar;F:\maven_rep\com\baomidou\mybatis-plus-annotation\3.0.6\mybatis-plus-annotation-3.0.6.jar;F:\maven_rep\com\github\jsqlparser\jsqlparser\1.2\jsqlparser-1.2.jar;F:\maven_rep\org\mybatis\mybatis-spring\1.3.2\mybatis-spring-1.3.2.jar;F:\maven_rep\org\mybatis\mybatis\3.4.6\mybatis-3.4.6.jar;F:\maven_rep\com\baomidou\mybatis-plus-generator\3.0.6\mybatis-plus-generator-3.0.6.jar;F:\maven_rep\org\springframework\boot\spring-boot-starter-jdbc\2.3.3.RELEASE\spring-boot-starter-jdbc-2.3.3.RELEASE.jar;F:\maven_rep\com\zaxxer\HikariCP\3.4.5\HikariCP-3.4.5.jar;F:\maven_rep\org\springframework\spring-jdbc\5.2.8.RELEASE\spring-jdbc-5.2.8.RELEASE.jar;F:\maven_rep\org\springframework\spring-tx\5.2.8.RELEASE\spring-tx-5.2.8.RELEASE.jar;F:\maven_rep\org\springframework\boot\spring-boot-configuration-processor\2.3.3.RELEASE\spring-boot-configuration-processor-2.3.3.RELEASE.jar;F:\maven_rep\com\alibaba\druid-spring-boot-starter\1.1.9\druid-spring-boot-starter-1.1.9.jar;F:\maven_rep\org\slf4j\slf4j-api\1.7.30\slf4j-api-1.7.30.jar;H:\local_rep\emall\emall-interface\i200\target\i200-0.0.1-SNAPSHOT.jar;H:\local_rep\emall\emall-afp\emall-auth\target\emall-auth-0.0.1-SNAPSHOT.jar;H:\local_rep\emall\emall-afp\emall-util\target\emall-util-0.0.1-SNAPSHOT.jar;F:\maven_rep\org\projectlombok\lombok\1.16.18\lombok-1.16.18.jar;F:\maven_rep\com\alibaba\fastjson\1.2.9\fastjson-1.2.9.jar;F:\maven_rep\com\alibaba\druid\1.1.1\druid-1.1.1.jar;F:\jdk\jre\..\lib\jconsole.jar;F:\jdk\jre\..\lib\tools.jar;"/>
    <property name="java.vm.vendor" value="Oracle Corporation"/>
    <property name="sun.arch.data.model" value="64"/>
    <property name="user.variant" value=""/>
    <property name="java.vendor.url" value="http://java.oracle.com/"/>
    <property name="user.timezone" value="Asia/Shanghai"/>
    <property name="java.vm.specification.version" value="1.8"/>
    <property name="os.name" value="Windows 10"/>
    <property name="user.country" value="CN"/>
    <property name="sun.java.launcher" value="SUN_STANDARD"/>
    <property name="sun.boot.library.path" value="F:\jdk\jre\bin"/>
    <property name="sun.java.command" value="C:\Users\ADMINI~1\AppData\Local\Temp\surefire4291598070083388958\surefirebooter3465352489025833787.jar C:\Users\Administrator\AppData\Local\Temp\surefire4291598070083388958 2020-12-30T16-56-28_433-jvmRun1 surefire1210759749442031792tmp surefire_115740723361879648tmp"/>
    <property name="surefire.test.class.path" value="H:\local_rep\emall\emall-interface-service\s200\target\test-classes;H:\local_rep\emall\emall-interface-service\s200\target\classes;F:\maven_rep\org\springframework\boot\spring-boot-starter-web\2.3.3.RELEASE\spring-boot-starter-web-2.3.3.RELEASE.jar;F:\maven_rep\org\springframework\boot\spring-boot-starter-json\2.3.3.RELEASE\spring-boot-starter-json-2.3.3.RELEASE.jar;F:\maven_rep\com\fasterxml\jackson\core\jackson-databind\2.11.2\jackson-databind-2.11.2.jar;F:\maven_rep\com\fasterxml\jackson\core\jackson-annotations\2.11.2\jackson-annotations-2.11.2.jar;F:\maven_rep\com\fasterxml\jackson\core\jackson-core\2.11.2\jackson-core-2.11.2.jar;F:\maven_rep\com\fasterxml\jackson\datatype\jackson-datatype-jdk8\2.11.2\jackson-datatype-jdk8-2.11.2.jar;F:\maven_rep\com\fasterxml\jackson\datatype\jackson-datatype-jsr310\2.11.2\jackson-datatype-jsr310-2.11.2.jar;F:\maven_rep\com\fasterxml\jackson\module\jackson-module-parameter-names\2.11.2\jackson-module-parameter-names-2.11.2.jar;F:\maven_rep\org\springframework\spring-web\5.2.8.RELEASE\spring-web-5.2.8.RELEASE.jar;F:\maven_rep\org\springframework\spring-beans\5.2.8.RELEASE\spring-beans-5.2.8.RELEASE.jar;F:\maven_rep\org\springframework\spring-webmvc\5.2.8.RELEASE\spring-webmvc-5.2.8.RELEASE.jar;F:\maven_rep\org\springframework\spring-aop\5.2.8.RELEASE\spring-aop-5.2.8.RELEASE.jar;F:\maven_rep\org\springframework\spring-context\5.2.8.RELEASE\spring-context-5.2.8.RELEASE.jar;F:\maven_rep\org\springframework\spring-expression\5.2.8.RELEASE\spring-expression-5.2.8.RELEASE.jar;F:\maven_rep\org\springframework\boot\spring-boot-starter-tomcat\2.3.3.RELEASE\spring-boot-starter-tomcat-2.3.3.RELEASE.jar;F:\maven_rep\jakarta\annotation\jakarta.annotation-api\1.3.5\jakarta.annotation-api-1.3.5.jar;F:\maven_rep\org\apache\tomcat\embed\tomcat-embed-core\9.0.37\tomcat-embed-core-9.0.37.jar;F:\maven_rep\org\glassfish\jakarta.el\3.0.3\jakarta.el-3.0.3.jar;F:\maven_rep\org\apache\tomcat\embed\tomcat-embed-websocket\9.0.37\tomcat-embed-websocket-9.0.37.jar;F:\maven_rep\org\springframework\boot\spring-boot-starter-test\2.3.3.RELEASE\spring-boot-starter-test-2.3.3.RELEASE.jar;F:\maven_rep\org\springframework\boot\spring-boot-test\2.3.3.RELEASE\spring-boot-test-2.3.3.RELEASE.jar;F:\maven_rep\org\springframework\boot\spring-boot-test-autoconfigure\2.3.3.RELEASE\spring-boot-test-autoconfigure-2.3.3.RELEASE.jar;F:\maven_rep\com\jayway\jsonpath\json-path\2.4.0\json-path-2.4.0.jar;F:\maven_rep\net\minidev\json-smart\2.3\json-smart-2.3.jar;F:\maven_rep\net\minidev\accessors-smart\1.2\accessors-smart-1.2.jar;F:\maven_rep\org\ow2\asm\asm\5.0.4\asm-5.0.4.jar;F:\maven_rep\jakarta\xml\bind\jakarta.xml.bind-api\2.3.3\jakarta.xml.bind-api-2.3.3.jar;F:\maven_rep\jakarta\activation\jakarta.activation-api\1.2.2\jakarta.activation-api-1.2.2.jar;F:\maven_rep\org\assertj\assertj-core\3.16.1\assertj-core-3.16.1.jar;F:\maven_rep\org\hamcrest\hamcrest\2.2\hamcrest-2.2.jar;F:\maven_rep\org\junit\jupiter\junit-jupiter\5.6.2\junit-jupiter-5.6.2.jar;F:\maven_rep\org\junit\jupiter\junit-jupiter-api\5.6.2\junit-jupiter-api-5.6.2.jar;F:\maven_rep\org\apiguardian\apiguardian-api\1.1.0\apiguardian-api-1.1.0.jar;F:\maven_rep\org\opentest4j\opentest4j\1.2.0\opentest4j-1.2.0.jar;F:\maven_rep\org\junit\platform\junit-platform-commons\1.6.2\junit-platform-commons-1.6.2.jar;F:\maven_rep\org\junit\jupiter\junit-jupiter-params\5.6.2\junit-jupiter-params-5.6.2.jar;F:\maven_rep\org\junit\jupiter\junit-jupiter-engine\5.6.2\junit-jupiter-engine-5.6.2.jar;F:\maven_rep\org\junit\platform\junit-platform-engine\1.6.2\junit-platform-engine-1.6.2.jar;F:\maven_rep\org\mockito\mockito-core\3.3.3\mockito-core-3.3.3.jar;F:\maven_rep\net\bytebuddy\byte-buddy\1.10.14\byte-buddy-1.10.14.jar;F:\maven_rep\net\bytebuddy\byte-buddy-agent\1.10.14\byte-buddy-agent-1.10.14.jar;F:\maven_rep\org\objenesis\objenesis\2.6\objenesis-2.6.jar;F:\maven_rep\org\mockito\mockito-junit-jupiter\3.3.3\mockito-junit-jupiter-3.3.3.jar;F:\maven_rep\org\skyscreamer\jsonassert\1.5.0\jsonassert-1.5.0.jar;F:\maven_rep\com\vaadin\external\google\android-json\0.0.20131108.vaadin1\android-json-0.0.20131108.vaadin1.jar;F:\maven_rep\org\springframework\spring-core\5.2.8.RELEASE\spring-core-5.2.8.RELEASE.jar;F:\maven_rep\org\springframework\spring-jcl\5.2.8.RELEASE\spring-jcl-5.2.8.RELEASE.jar;F:\maven_rep\org\springframework\spring-test\5.2.8.RELEASE\spring-test-5.2.8.RELEASE.jar;F:\maven_rep\org\xmlunit\xmlunit-core\2.7.0\xmlunit-core-2.7.0.jar;F:\maven_rep\org\springframework\boot\spring-boot-starter\2.3.3.RELEASE\spring-boot-starter-2.3.3.RELEASE.jar;F:\maven_rep\org\springframework\boot\spring-boot\2.3.3.RELEASE\spring-boot-2.3.3.RELEASE.jar;F:\maven_rep\org\springframework\boot\spring-boot-autoconfigure\2.3.3.RELEASE\spring-boot-autoconfigure-2.3.3.RELEASE.jar;F:\maven_rep\org\springframework\boot\spring-boot-starter-logging\2.3.3.RELEASE\spring-boot-starter-logging-2.3.3.RELEASE.jar;F:\maven_rep\ch\qos\logback\logback-classic\1.2.3\logback-classic-1.2.3.jar;F:\maven_rep\ch\qos\logback\logback-core\1.2.3\logback-core-1.2.3.jar;F:\maven_rep\org\apache\logging\log4j\log4j-to-slf4j\2.13.3\log4j-to-slf4j-2.13.3.jar;F:\maven_rep\org\apache\logging\log4j\log4j-api\2.13.3\log4j-api-2.13.3.jar;F:\maven_rep\org\slf4j\jul-to-slf4j\1.7.30\jul-to-slf4j-1.7.30.jar;F:\maven_rep\org\yaml\snakeyaml\1.26\snakeyaml-1.26.jar;F:\maven_rep\org\apache\curator\curator-recipes\4.0.1\curator-recipes-4.0.1.jar;F:\maven_rep\org\apache\curator\curator-framework\4.0.1\curator-framework-4.0.1.jar;F:\maven_rep\org\apache\curator\curator-client\4.0.1\curator-client-4.0.1.jar;F:\maven_rep\com\google\guava\guava\20.0\guava-20.0.jar;F:\maven_rep\org\apache\zookeeper\zookeeper\3.4.13\zookeeper-3.4.13.jar;F:\maven_rep\log4j\log4j\1.2.17\log4j-1.2.17.jar;F:\maven_rep\jline\jline\0.9.94\jline-0.9.94.jar;F:\maven_rep\org\apache\yetus\audience-annotations\0.5.0\audience-annotations-0.5.0.jar;F:\maven_rep\org\apache\dubbo\dubbo-spring-boot-starter\2.7.4.1\dubbo-spring-boot-starter-2.7.4.1.jar;F:\maven_rep\org\apache\dubbo\dubbo-spring-boot-autoconfigure\2.7.4.1\dubbo-spring-boot-autoconfigure-2.7.4.1.jar;F:\maven_rep\org\apache\dubbo\dubbo-spring-boot-autoconfigure-compatible\2.7.4.1\dubbo-spring-boot-autoconfigure-compatible-2.7.4.1.jar;F:\maven_rep\org\apache\dubbo\dubbo\2.7.4.1\dubbo-2.7.4.1.jar;F:\maven_rep\org\javassist\javassist\3.20.0-GA\javassist-3.20.0-GA.jar;F:\maven_rep\io\netty\netty-all\4.1.51.Final\netty-all-4.1.51.Final.jar;F:\maven_rep\com\google\code\gson\gson\2.8.6\gson-2.8.6.jar;F:\maven_rep\mysql\mysql-connector-java\5.1.6\mysql-connector-java-5.1.6.jar;F:\maven_rep\com\baomidou\mybatis-plus-boot-starter\3.0.6\mybatis-plus-boot-starter-3.0.6.jar;F:\maven_rep\com\baomidou\mybatis-plus\3.0.6\mybatis-plus-3.0.6.jar;F:\maven_rep\com\baomidou\mybatis-plus-extension\3.0.6\mybatis-plus-extension-3.0.6.jar;F:\maven_rep\com\baomidou\mybatis-plus-core\3.0.6\mybatis-plus-core-3.0.6.jar;F:\maven_rep\com\baomidou\mybatis-plus-annotation\3.0.6\mybatis-plus-annotation-3.0.6.jar;F:\maven_rep\com\github\jsqlparser\jsqlparser\1.2\jsqlparser-1.2.jar;F:\maven_rep\org\mybatis\mybatis-spring\1.3.2\mybatis-spring-1.3.2.jar;F:\maven_rep\org\mybatis\mybatis\3.4.6\mybatis-3.4.6.jar;F:\maven_rep\com\baomidou\mybatis-plus-generator\3.0.6\mybatis-plus-generator-3.0.6.jar;F:\maven_rep\org\springframework\boot\spring-boot-starter-jdbc\2.3.3.RELEASE\spring-boot-starter-jdbc-2.3.3.RELEASE.jar;F:\maven_rep\com\zaxxer\HikariCP\3.4.5\HikariCP-3.4.5.jar;F:\maven_rep\org\springframework\spring-jdbc\5.2.8.RELEASE\spring-jdbc-5.2.8.RELEASE.jar;F:\maven_rep\org\springframework\spring-tx\5.2.8.RELEASE\spring-tx-5.2.8.RELEASE.jar;F:\maven_rep\org\springframework\boot\spring-boot-configuration-processor\2.3.3.RELEASE\spring-boot-configuration-processor-2.3.3.RELEASE.jar;F:\maven_rep\com\alibaba\druid-spring-boot-starter\1.1.9\druid-spring-boot-starter-1.1.9.jar;F:\maven_rep\org\slf4j\slf4j-api\1.7.30\slf4j-api-1.7.30.jar;H:\local_rep\emall\emall-interface\i200\target\i200-0.0.1-SNAPSHOT.jar;H:\local_rep\emall\emall-afp\emall-auth\target\emall-auth-0.0.1-SNAPSHOT.jar;H:\local_rep\emall\emall-afp\emall-util\target\emall-util-0.0.1-SNAPSHOT.jar;F:\maven_rep\org\projectlombok\lombok\1.16.18\lombok-1.16.18.jar;F:\maven_rep\com\alibaba\fastjson\1.2.9\fastjson-1.2.9.jar;F:\maven_rep\com\alibaba\druid\1.1.1\druid-1.1.1.jar;F:\jdk\jre\..\lib\jconsole.jar;F:\jdk\jre\..\lib\tools.jar;"/>
    <property name="sun.cpu.endian" value="little"/>
    <property name="user.home" value="C:\Users\Administrator"/>
    <property name="user.language" value="zh"/>
    <property name="java.specification.vendor" value="Oracle Corporation"/>
    <property name="java.home" value="F:\jdk\jre"/>
    <property name="basedir" value="H:\local_rep\emall\emall-interface-service\s200"/>
    <property name="file.separator" value="\"/>
    <property name="line.separator" value="&#10;"/>
    <property name="java.vm.specification.vendor" value="Oracle Corporation"/>
    <property name="java.specification.name" value="Java Platform API Specification"/>
    <property name="java.awt.graphicsenv" value="sun.awt.Win32GraphicsEnvironment"/>
    <property name="surefire.real.class.path" value="C:\Users\ADMINI~1\AppData\Local\Temp\surefire4291598070083388958\surefirebooter3465352489025833787.jar"/>
    <property name="sun.boot.class.path" value="F:\jdk\jre\lib\resources.jar;F:\jdk\jre\lib\rt.jar;F:\jdk\jre\lib\sunrsasign.jar;F:\jdk\jre\lib\jsse.jar;F:\jdk\jre\lib\jce.jar;F:\jdk\jre\lib\charsets.jar;F:\jdk\jre\lib\jfr.jar;F:\jdk\jre\classes"/>
    <property name="user.script" value=""/>
    <property name="sun.management.compiler" value="HotSpot 64-Bit Tiered Compilers"/>
    <property name="java.runtime.version" value="1.8.0_201-b09"/>
    <property name="user.name" value="Administrator"/>
    <property name="path.separator" value=";"/>
    <property name="os.version" value="10.0"/>
    <property name="java.endorsed.dirs" value="F:\jdk\jre\lib\endorsed"/>
    <property name="java.runtime.name" value="Java(TM) SE Runtime Environment"/>
    <property name="file.encoding" value="GBK"/>
    <property name="java.vm.name" value="Java HotSpot(TM) 64-Bit Server VM"/>
    <property name="localRepository" value="F:\maven_rep"/>
    <property name="java.vendor.url.bug" value="http://bugreport.sun.com/bugreport/"/>
    <property name="java.io.tmpdir" value="C:\Users\ADMINI~1\AppData\Local\Temp\"/>
    <property name="idea.version" value="2018.3.2"/>
    <property name="java.version" value="1.8.0_201"/>
    <property name="user.dir" value="H:\local_rep\emall\emall-interface-service\s200"/>
    <property name="os.arch" value="amd64"/>
    <property name="java.vm.specification.name" value="Java Virtual Machine Specification"/>
    <property name="java.awt.printerjob" value="sun.awt.windows.WPrinterJob"/>
    <property name="sun.os.patch.level" value=""/>
    <property name="java.library.path" value="F:\jdk\jre\bin;C:\WINDOWS\Sun\Java\bin;C:\WINDOWS\system32;C:\WINDOWS;F:\xshell\;C:\Program Files (x86)\Common Files\Oracle\Java\javapath;C:\WINDOWS\system32;C:\WINDOWS;C:\WINDOWS\System32\Wbem;C:\WINDOWS\System32\WindowsPowerShell\v1.0\;C:\WINDOWS\System32\OpenSSH\;F:\jdk\bin;F:\jdk\jre\bin;F:\apache-maven-3.6.0\bin;F:\nodejs\;C:\Program Files\NVIDIA Corporation\NVIDIA NvDLISR;F:\putty\;C:\Program Files\TortoiseSVN\bin;C:\Program Files\TortoiseGit\bin;C:\WINDOWS\system32;C:\WINDOWS;C:\WINDOWS\System32\Wbem;C:\WINDOWS\System32\WindowsPowerShell\v1.0\;C:\WINDOWS\System32\OpenSSH\;F:\apache-jmeter-5.2.1\bin;C:\Users\Administrator\AppData\Local\Microsoft\WindowsApps;C:\Program Files\Bandizip\;F:\apache-maven-3.6.0\bin;F:\jdk\jre\bin;F:\jdk\bin;C:\Users\Administrator\AppData\Roaming\npm;C:\Users\Administrator\AppData\Local\Programs\Microsoft VS Code\bin;F:\Fiddler;C:\Users\Administrator\AppData\Local\Microsoft\WindowsApps;;."/>
    <property name="java.vm.info" value="mixed mode"/>
    <property name="java.vendor" value="Oracle Corporation"/>
    <property name="java.vm.version" value="25.201-b09"/>
    <property name="java.ext.dirs" value="F:\jdk\jre\lib\ext;C:\WINDOWS\Sun\Java\lib\ext"/>
    <property name="sun.io.unicode.encoding" value="UnicodeLittle"/>
    <property name="maven.repo.local" value="F:\maven_rep"/>
    <property name="java.class.version" value="52.0"/>
  </properties>
  <testcase name="contextLoads" classname="cn.com.sinosoft.s200.S200ApplicationTests" time="0.198"/>
</testsuite>